Engine: Init
PlatformSystem: Init
SceneSystem: Init
Engine: Update
Demo: Init
Demo: Update
Engine: Render
Demo: Render
Engine: Update
Demo: Update
Engine: Render
Demo: Render
Engine: Update
Demo: Update
Engine: Render
Demo: Render
Engine: Update
Demo: Update
Engine: Render
Demo: Render
Engine: Update
Demo: Update
Engine: Render
Demo: Render
Engine: Update
Demo: Update
Engine: Render
Demo: Render
Engine: Update
Demo: Update
Engine: Render
Demo: Render
Engine: Update
Demo: Update
Engine: Render
Demo: Render
Engine: Update
Demo: Update
Engine: Render
Demo: Render
Engine: Update
Demo: Update
Engine: Render
Demo: Render
Engine: Update
Demo: Update
Engine: Render
Demo: Render
Engine: Update
Demo: Update
Engine: Render
Demo: Render
Engine: Update
Demo: Update
Engine: Render
Demo: Render
Engine: Update
Demo: Update
Engine: Render
Demo: Render
Engine: Update
Demo: Update
Engine: Render
Demo: Render
Engine: Update
Demo: Update
Engine: Render
Demo: Render
Engine: Update
Demo: Update
Engine: Render
Demo: Render
Engine: Update
Demo: Update
Engine: Render
Demo: Render
Engine: Update
Demo: Update
Engine: Render
Demo: Render
Engine: Update
Demo: Update
Engine: Render
Demo: Render
Engine: Update
Demo: Update
Engine: Render
Demo: Render
Engine: Update
Demo: Update
Engine: Render
Demo: Render
Engine: Update
Demo: Update
Engine: Render
Demo: Render
Engine: Update
Demo: Update
Engine: Render
Demo: Render
Engine: Update
Demo: Update
Engine: Render
Demo: Render
Engine: Update
Demo: Update
Engine: Render
Demo: Render
Engine: Update
Demo: Update
Engine: Render
Demo: Render
Engine: Update
Demo: Update
Engine: Render
Demo: Render
Engine: Update
Demo: Update
Engine: Render
Demo: Render
Engine: Update
Demo: Update
Engine: Render
Demo: Render
Engine: Update
Demo: Update
Engine: Render
Demo: Render
Engine: Update
Demo: Update
Engine: Render
Demo: Render
Engine: Update
Demo: Update
Engine: Render
Demo: Render
Engine: Update
Demo: Update
Engine: Render
Demo: Render
Engine: Update
Demo: Update
Engine: Render
Demo: Render
Engine: Update
Demo: Update
Engine: Render
Demo: Render
Engine: Update
Demo: Update
Engine: Render
Demo: Render
Engine: Update
Demo: Update
Engine: Render
Demo: Render
Engine: Update
Demo: Update
Engine: Render
Demo: Render
Engine: Update
Demo: Update
Engine: Render
Demo: Render
Engine: Update
Demo: Update
Engine: Render
Demo: Render
Engine: Update
Demo: Update
Engine: Render
Demo: Render
Engine: Update
Demo: Update
Engine: Render
Demo: Render
Engine: Update
Demo: Update
Engine: Render
Demo: Render
Engine: Update
Demo: Update
Engine: Render
Demo: Render
Engine: Update
Demo: Update
Engine: Render
Demo: Render
Engine: Update
Demo: Update
Engine: Render
Demo: Render
Engine: Update
Demo: Update
Engine: Render
Demo: Render
Engine: Update
Demo: Update
Engine: Render
Demo: Render
Engine: Update
Demo: Update
Engine: Render
Demo: Render
Engine: Update
Demo: Update
Engine: Render
Demo: Render
Engine: Update
Demo: Update
Engine: Render
Demo: Render
Engine: Update
Demo: Update
Engine: Render
Demo: Render
Engine: Update
Demo: Update
Engine: Render
Demo: Render
Engine: Update
Demo: Update
Engine: Render
Demo: Render
Engine: Update
Demo: Update
Engine: Render
Demo: Render
Engine: Update
Demo: Update
Engine: Render
Demo: Render
Engine: Update
Demo: Update
Engine: Render
Demo: Render
Engine: Update
Demo: Update
Engine: Render
Demo: Render
Engine: Update
Demo: Update
Engine: Render
Demo: Render
Engine: Update
Demo: Update
Engine: Render
Demo: Render
Engine: Update
Demo: Update
Engine: Render
Demo: Render
Engine: Update
Demo: Update
Engine: Render
Demo: Render
Engine: Update
Demo: Update
Engine: Render
Demo: Render
Engine: Update
Demo: Update
Engine: Render
Demo: Render
Engine: Update
Demo: Update
Engine: Render
Demo: Render
Engine: Update
Demo: Update
Engine: Render
Demo: Render
Engine: Update
Demo: Update
Engine: Render
Demo: Render
Engine: Update
Demo: Update
Engine: Render
Demo: Render
Engine: Update
Demo: Update
Engine: Render
Demo: Render
Engine: Update
Demo: Update
Engine: Render
Demo: Render
Engine: Update
Demo: Update
Engine: Render
Demo: Render
Engine: Update
Demo: Update
Engine: Render
Demo: Render
Engine: Update
Demo: Update
Engine: Render
Demo: Render
Engine: Update
Demo: Update
Engine: Render
Demo: Render
Engine: Update
Demo: Update
Engine: Render
Demo: Render
Engine: Update
Demo: Update
Engine: Render
Demo: Render
Engine: Update
Demo: Update
Engine: Render
Demo: Render
Engine: Update
Demo: Update
Engine: Render
Demo: Render
Engine: Update
Demo: Update
Engine: Render
Demo: Render
Engine: Update
Demo: Update
Engine: Render
Demo: Render
Engine: Update
Demo: Update
Engine: Render
Demo: Render
Engine: Update
Demo: Update
Engine: Render
Demo: Render
Engine: Update
Demo: Update
Engine: Render
Demo: Render
Engine: Update
Demo: Update
Engine: Render
Demo: Render
Engine: Update
Demo: Update
Engine: Render
Demo: Render
Engine: Update
Demo: Update
Engine: Render
Demo: Render
Engine: Update
Demo: Update
Engine: Render
Demo: Render
Engine: Update
Demo: Update
Engine: Render
Demo: Render
Engine: Update
Demo: Update
Engine: Render
Demo: Render
Engine: Update
Demo: Update
Engine: Render
Demo: Render
Engine: Update
Demo: Update
Engine: Render
Demo: Render
Engine: Update
Demo: Update
Engine: Render
Demo: Render
Engine: Update
Demo: Update
Engine: Render
Demo: Render
Engine: Update
Demo: Update
Engine: Render
Demo: Render
Engine: Update
Demo: Update
Engine: Render
Demo: Render
Engine: Update
Demo: Update
Engine: Render
Demo: Render
Engine: Update
Demo: Update
Engine: Render
Demo: Render
Engine: Update
Demo: Update
Engine: Render
Demo: Render
Engine: Update
Demo: Update
Engine: Render
Demo: Render
Engine: Update
Demo: Update
Engine: Render
Demo: Render
Engine: Update
Demo: Exit
Engine: Render
Engine: Exit
SceneSystem: Exit
PlatformSystem: Exit
